#
# There is insufficient memory for the Java Runtime Environment to continue.
# Native memory allocation (malloc) failed to allocate 138080 bytes for Chunk::new
# Possible reasons:
#   The system is out of physical RAM or swap space
#   The process is running with CompressedOops enabled, and the Java Heap may be blocking the growth of the native heap
# Possible solutions:
#   Reduce memory load on the system
#   Increase physical memory or swap space
#   Check if swap backing store is full
#   Decrease Java heap size (-Xmx/-Xms)
#   Decrease number of Java threads
#   Decrease Java thread stack sizes (-Xss)
#   Set larger code cache with -XX:ReservedCodeCacheSize=
#   JVM is running with Zero Based Compressed Oops mode in which the Java heap is
#     placed in the first 32GB address space. The Java Heap base address is the
#     maximum limit for the native heap growth. Please use -XX:HeapBaseMinAddress
#     to set the Java Heap base and to place the Java Heap above 32GB virtual address.
# This output file may be truncated or incomplete.
#
#  Out of Memory Error (allocation.cpp:389), pid=37668, tid=0x000000000000aa80
#
# JRE version: Java(TM) SE Runtime Environment (8.0_261-b12) (build 1.8.0_261-b12)
# Java VM: Java HotSpot(TM) 64-Bit Server VM (25.261-b12 mixed mode windows-amd64 compressed oops)
# Failed to write core dump. Minidumps are not enabled by default on client versions of Windows
#

---------------  T H R E A D  ---------------

Current thread (0x000001a87c341800):  JavaThread "C2 CompilerThread0" daemon [_thread_in_native, id=43648, stack(0x000000080a200000,0x000000080a300000)]

Stack: [0x000000080a200000,0x000000080a300000]
Native frames: (J=compiled Java code, j=interpreted, Vv=VM code, C=native code)
V  [jvm.dll+0x33e5f9]
V  [jvm.dll+0x2850e2]
V  [jvm.dll+0x285d8d]
V  [jvm.dll+0x27c895]
V  [jvm.dll+0xe4d6c]
V  [jvm.dll+0xe556c]
V  [jvm.dll+0x4f11fb]
V  [jvm.dll+0x446c68]
V  [jvm.dll+0x44f8f5]
V  [jvm.dll+0x44ecb5]
V  [jvm.dll+0x439bc7]
V  [jvm.dll+0xbbbcb]
V  [jvm.dll+0xba22b]
V  [jvm.dll+0x24d962]
V  [jvm.dll+0x2a1cfc]
C  [ucrtbase.dll+0x20e82]
C  [KERNEL32.DLL+0x17bd4]
C  [ntdll.dll+0x6ce51]


Current CompileTask:
C2: 915272 10040   !   4       com.sun.tools.javac.file.JavacFileManager::listContainer (94 bytes)


---------------  P R O C E S S  ---------------

Java Threads: ( => current thread )
  0x000001a87df79800 JavaThread "Cache worker for Java compile cache (C:\Users\Murali\Desktop\JavaMod.Jdk3\Combat7 Remake\.gradle\4.10.3\javaCompile)" [_thread_blocked, id=37828, stack(0x000000080bd00000,0x000000080be00000)]
  0x000001a87df7f800 JavaThread "Cache worker for Build Output Cleanup Cache (C:\Users\Murali\Desktop\JavaMod.Jdk3\Combat7 Remake\.gradle\buildOutputCleanup)" [_thread_blocked, id=6420, stack(0x000000080c900000,0x000000080ca00000)]
  0x000001a87df7e800 JavaThread "Cache worker for task history cache (C:\Users\Murali\Desktop\JavaMod.Jdk3\Combat7 Remake\.gradle\4.10.3\taskHistory)" [_thread_blocked, id=52140, stack(0x000000080c800000,0x000000080c900000)]
  0x000001a87df7c800 JavaThread "Task worker for ':' Thread 7" [_thread_blocked, id=29660, stack(0x000000080c700000,0x000000080c800000)]
  0x000001a87df7e000 JavaThread "Task worker for ':' Thread 6" [_thread_blocked, id=53472, stack(0x000000080c600000,0x000000080c700000)]
  0x000001a87df7b000 JavaThread "Task worker for ':' Thread 5" [_thread_blocked, id=29276, stack(0x000000080c500000,0x000000080c600000)]
  0x000001a87df76800 JavaThread "Task worker for ':' Thread 4" [_thread_blocked, id=52088, stack(0x000000080c400000,0x000000080c500000)]
  0x000001a87df7d000 JavaThread "Task worker for ':' Thread 3" [_thread_blocked, id=34688, stack(0x000000080c100000,0x000000080c200000)]
  0x000001a87df78800 JavaThread "Task worker for ':' Thread 2" [_thread_blocked, id=23808, stack(0x000000080c000000,0x000000080c100000)]
  0x000001a87df75800 JavaThread "Task worker for ':'" [_thread_in_Java, id=36624, stack(0x000000080bf00000,0x000000080c000000)]
  0x000001a87df7b800 JavaThread "Cache worker for file content cache (C:\Users\Murali\Desktop\JavaMod.Jdk3\Combat7 Remake\.gradle\4.10.3\fileContent)" [_thread_blocked, id=53352, stack(0x000000080be00000,0x000000080bf00000)]
  0x000001a87df78000 JavaThread "Build operations Thread 8" [_thread_blocked, id=51244, stack(0x000000080bc00000,0x000000080bd00000)]
  0x000001a87df77000 JavaThread "Build operations Thread 7" [_thread_blocked, id=47768, stack(0x000000080bb00000,0x000000080bc00000)]
  0x000001a80f872800 JavaThread "Build operations Thread 6" [_thread_blocked, id=51640, stack(0x000000080ba00000,0x000000080bb00000)]
  0x000001a80f872000 JavaThread "Build operations Thread 5" [_thread_blocked, id=40304, stack(0x000000080b900000,0x000000080ba00000)]
  0x000001a80f86f800 JavaThread "Build operations Thread 4" [_thread_blocked, id=18716, stack(0x000000080b800000,0x000000080b900000)]
  0x000001a80f876800 JavaThread "Build operations Thread 3" [_thread_blocked, id=53680, stack(0x000000080b600000,0x000000080b700000)]
  0x000001a80f875800 JavaThread "Build operations Thread 2" [_thread_blocked, id=2156, stack(0x000000080b500000,0x000000080b600000)]
  0x000001a80f874000 JavaThread "Build operations" [_thread_blocked, id=33524, stack(0x000000080b300000,0x000000080b400000)]
  0x000001a80f870800 JavaThread "Cache worker for cache directory md-rule (C:\Users\Murali\.gradle\caches\4.10.3\md-rule)" [_thread_blocked, id=9116, stack(0x000000080b000000,0x000000080b100000)]
  0x000001a80f875000 JavaThread "Cache worker for cache directory md-supplier (C:\Users\Murali\.gradle\caches\4.10.3\md-supplier)" [_thread_blocked, id=54136, stack(0x000000080af00000,0x000000080b000000)]
  0x000001a80f871000 JavaThread "Cache worker for file hash cache (C:\Users\Murali\Desktop\JavaMod.Jdk3\Combat7 Remake\.gradle\4.10.3\fileHashes)" [_thread_blocked, id=42856, stack(0x000000080ae00000,0x000000080af00000)]
  0x000001a80f86f000 JavaThread "Stdin handler" [_thread_blocked, id=45836, stack(0x000000080ad00000,0x000000080ae00000)]
  0x000001a80f873800 JavaThread "Asynchronous log dispatcher for DefaultDaemonConnection: socket connection from /127.0.0.1:64151 to /127.0.0.1:64406" [_thread_blocked, id=54420, stack(0x000000080ac00000,0x000000080ad00000)]
  0x000001a80f867800 JavaThread "Daemon worker Thread 2" [_thread_blocked, id=24584, stack(0x000000080ab00000,0x000000080ac00000)]
  0x000001a80f86c000 JavaThread "Cancel handler" [_thread_blocked, id=48060, stack(0x0000000809300000,0x0000000809400000)]
  0x000001a80f86d800 JavaThread "Handler for socket connection from /127.0.0.1:64151 to /127.0.0.1:64406" [_thread_in_native, id=29736, stack(0x0000000809200000,0x0000000809300000)]
  0x000001a80f869000 JavaThread "Daemon Thread 2" [_thread_blocked, id=50204, stack(0x0000000809100000,0x0000000809200000)]
  0x000001a80f869800 JavaThread "Cache worker for Java compile cache (C:\Users\Murali\.gradle\caches\4.10.3\javaCompile)" [_thread_blocked, id=27112, stack(0x000000080cf00000,0x000000080d000000)]
  0x000001a80f86c800 JavaThread "Cache worker for file content cache (C:\Users\Murali\.gradle\caches\4.10.3\fileContent)" [_thread_blocked, id=29816, stack(0x000000080c300000,0x000000080c400000)]
  0x000001a80f86e000 JavaThread "Memory manager" [_thread_blocked, id=55404, stack(0x000000080c200000,0x000000080c300000)]
  0x000001a87ee04800 JavaThread "Cache worker for Artifact transforms cache (C:\Users\Murali\.gradle\caches\transforms-1)" [_thread_blocked, id=47044, stack(0x000000080b700000,0x000000080b800000)]
  0x000001a87ee03000 JavaThread "Cache worker for journal cache (C:\Users\Murali\.gradle\caches\journal-1)" [_thread_blocked, id=20612, stack(0x000000080b400000,0x000000080b500000)]
  0x000001a87ee06800 JavaThread "File lock request listener" [_thread_in_native, id=45112, stack(0x000000080b200000,0x000000080b300000)]
  0x000001a87ee01800 JavaThread "Cache worker for file hash cache (C:\Users\Murali\.gradle\caches\4.10.3\fileHashes)" [_thread_blocked, id=35140, stack(0x000000080b100000,0x000000080b200000)]
  0x000001a87dacf000 JavaThread "Daemon periodic checks" [_thread_blocked, id=21424, stack(0x000000080aa00000,0x000000080ab00000)]
  0x000001a87db92000 JavaThread "Incoming local TCP Connector on port 64151" [_thread_in_native, id=38048, stack(0x000000080a900000,0x000000080aa00000)]
  0x000001a87ee85800 JavaThread "Daemon health stats" [_thread_blocked, id=45476, stack(0x000000080a800000,0x000000080a900000)]
  0x000001a87d708800 JavaThread "Service Thread" daemon [_thread_blocked, id=18260, stack(0x000000080a600000,0x000000080a700000)]
  0x000001a87c349000 JavaThread "C1 CompilerThread3" daemon [_thread_blocked, id=52100, stack(0x000000080a500000,0x000000080a600000)]
  0x000001a87c346000 JavaThread "C2 CompilerThread2" daemon [_thread_in_native, id=32332, stack(0x000000080a400000,0x000000080a500000)]
  0x000001a87c345000 JavaThread "C2 CompilerThread1" daemon [_thread_in_native, id=53536, stack(0x000000080a300000,0x000000080a400000)]
=>0x000001a87c341800 JavaThread "C2 CompilerThread0" daemon [_thread_in_native, id=43648, stack(0x000000080a200000,0x000000080a300000)]
  0x000001a87c33e800 JavaThread "Attach Listener" daemon [_thread_blocked, id=24300, stack(0x000000080a100000,0x000000080a200000)]
  0x000001a87c33d800 JavaThread "Signal Dispatcher" daemon [_thread_blocked, id=35896, stack(0x000000080a000000,0x000000080a100000)]
  0x000001a87b6eb800 JavaThread "Finalizer" daemon [_thread_blocked, id=39340, stack(0x0000000809f00000,0x000000080a000000)]
  0x000001a87c319000 JavaThread "Reference Handler" daemon [_thread_blocked, id=48884, stack(0x0000000809e00000,0x0000000809f00000)]
  0x000001a8720f3000 JavaThread "main" [_thread_blocked, id=42052, stack(0x0000000809400000,0x0000000809500000)]

Other Threads:
  0x000001a87c2f2800 VMThread [stack: 0x0000000809d00000,0x0000000809e00000] [id=44336]
  0x000001a87c3cb000 WatcherThread [stack: 0x000000080a700000,0x000000080a800000] [id=52280]

VM state:not at safepoint (normal execution)

VM Mutex/Monitor currently owned by a thread: None

heap address: 0x0000000700000000, size: 3072 MB, Compressed Oops mode: Zero based, Oop shift amount: 3
Narrow klass base: 0x0000000000000000, Narrow klass shift: 3
Compressed class space size: 1073741824 Address: 0x00000007c0000000

Heap:
 PSYoungGen      total 292352K, used 288882K [0x0000000780000000, 0x0000000797280000, 0x00000007c0000000)
  eden space 288256K, 99% used [0x0000000780000000,0x000000079175eb40,0x0000000791980000)
  from space 4096K, 70% used [0x0000000796e80000,0x0000000797154030,0x0000000797280000)
  to   space 45568K, 0% used [0x0000000791980000,0x0000000791980000,0x0000000794600000)
 ParOldGen       total 251392K, used 105021K [0x0000000700000000, 0x000000070f580000, 0x0000000780000000)
  object space 251392K, 41% used [0x0000000700000000,0x000000070668f428,0x000000070f580000)
 Metaspace       used 63500K, capacity 64688K, committed 65024K, reserved 1105920K
  class space    used 8546K, capacity 8842K, committed 8960K, reserved 1048576K

Card table byte_map: [0x000001a873da0000,0x000001a8743b0000] byte_map_base: 0x000001a8705a0000

Marking Bits: (ParMarkBitMap*) 0x000000006e054fb0
 Begin Bits: [0x000001a8747b0000, 0x000001a8777b0000)
 End Bits:   [0x000001a8777b0000, 0x000001a87a7b0000)

Polling page: 0x000001a872200000

CodeCache: size=245760Kb used=29312Kb max_used=29312Kb free=216447Kb
 bounds [0x000001a800000000, 0x000001a801cd0000, 0x000001a80f000000]
 total_blobs=9380 nmethods=8547 adapters=743
 compilation: enabled

Compilation events (10 events):
Event: 915.068 Thread 0x000001a87c349000 nmethod 10136 0x000001a8008f3e90 code [0x000001a8008f40c0, 0x000001a8008f4ee0]
Event: 915.078 Thread 0x000001a87c346000 nmethod 10113 0x000001a801cbc310 code [0x000001a801cbc4e0, 0x000001a801cbcdf8]
Event: 915.079 Thread 0x000001a87c346000 10110       4       com.sun.tools.javac.file.RelativePath::equals (24 bytes)
Event: 915.085 Thread 0x000001a87c346000 nmethod 10110 0x000001a80064ac90 code [0x000001a80064ade0, 0x000001a80064af78]
Event: 915.092 Thread 0x000001a87c346000 10137       4       com.sun.tools.javac.file.JavacFileManager::list (94 bytes)
Event: 915.134 Thread 0x000001a87c349000 10139       3       java.util.zip.Inflater::setInput (9 bytes)
Event: 915.135 Thread 0x000001a87c349000 nmethod 10139 0x000001a8007c76d0 code [0x000001a8007c7840, 0x000001a8007c79f0]
Event: 915.135 Thread 0x000001a87c349000 10140       3       java.util.zip.Inflater::inflate (9 bytes)
Event: 915.136 Thread 0x000001a87c349000 nmethod 10140 0x000001a800b82050 code [0x000001a800b821c0, 0x000001a800b82370]
Event: 915.156 Thread 0x000001a87c349000 10143       3       com.sun.tools.javac.jvm.ClassReader::fillIn (592 bytes)

GC Heap History (10 events):
Event: 32.959 GC heap before
{Heap before GC invocations=20 (full 4):
 PSYoungGen      total 253440K, used 237341K [0x0000000780000000, 0x0000000798080000, 0x00000007c0000000)
  eden space 237568K, 99% used [0x0000000780000000,0x000000078e7c7648,0x000000078e800000)
  from space 15872K, 0% used [0x000000078e800000,0x000000078e800000,0x000000078f780000)
  to   space 49152K, 0% used [0x0000000795080000,0x0000000795080000,0x0000000798080000)
 ParOldGen       total 251392K, used 104989K [0x0000000700000000, 0x000000070f580000, 0x0000000780000000)
  object space 251392K, 41% used [0x0000000700000000,0x0000000706687428,0x000000070f580000)
 Metaspace       used 61443K, capacity 62454K, committed 63104K, reserved 1103872K
  class space    used 8376K, capacity 8651K, committed 8832K, reserved 1048576K
Event: 32.975 GC heap after
Heap after GC invocations=20 (full 4):
 PSYoungGen      total 303616K, used 2640K [0x0000000780000000, 0x0000000796c80000, 0x00000007c0000000)
  eden space 274944K, 0% used [0x0000000780000000,0x0000000780000000,0x0000000790c80000)
  from space 28672K, 9% used [0x0000000795080000,0x00000007953140c0,0x0000000796c80000)
  to   space 49152K, 0% used [0x0000000790c80000,0x0000000790c80000,0x0000000793c80000)
 ParOldGen       total 251392K, used 104997K [0x0000000700000000, 0x000000070f580000, 0x0000000780000000)
  object space 251392K, 41% used [0x0000000700000000,0x0000000706689428,0x000000070f580000)
 Metaspace       used 61443K, capacity 62454K, committed 63104K, reserved 1103872K
  class space    used 8376K, capacity 8651K, committed 8832K, reserved 1048576K
}
Event: 34.447 GC heap before
{Heap before GC invocations=21 (full 4):
 PSYoungGen      total 303616K, used 277538K [0x0000000780000000, 0x0000000796c80000, 0x00000007c0000000)
  eden space 274944K, 99% used [0x0000000780000000,0x0000000790c74860,0x0000000790c80000)
  from space 28672K, 9% used [0x0000000795080000,0x00000007953140c0,0x0000000796c80000)
  to   space 49152K, 0% used [0x0000000790c80000,0x0000000790c80000,0x0000000793c80000)
 ParOldGen       total 251392K, used 104997K [0x0000000700000000, 0x000000070f580000, 0x0000000780000000)
  object space 251392K, 41% used [0x0000000700000000,0x0000000706689428,0x000000070f580000)
 Metaspace       used 61582K, capacity 62600K, committed 63104K, reserved 1103872K
  class space    used 8388K, capacity 8654K, committed 8832K, reserved 1048576K
Event: 34.452 GC heap after
Heap after GC invocations=21 (full 4):
 PSYoungGen      total 324096K, used 2960K [0x0000000780000000, 0x0000000798380000, 0x00000007c0000000)
  eden space 274944K, 0% used [0x0000000780000000,0x0000000780000000,0x0000000790c80000)
  from space 49152K, 6% used [0x0000000790c80000,0x0000000790f64080,0x0000000793c80000)
  to   space 48128K, 0% used [0x0000000795480000,0x0000000795480000,0x0000000798380000)
 ParOldGen       total 251392K, used 105005K [0x0000000700000000, 0x000000070f580000, 0x0000000780000000)
  object space 251392K, 41% used [0x0000000700000000,0x000000070668b428,0x000000070f580000)
 Metaspace       used 61582K, capacity 62600K, committed 63104K, reserved 1103872K
  class space    used 8388K, capacity 8654K, committed 8832K, reserved 1048576K
}
Event: 36.358 GC heap before
{Heap before GC invocations=22 (full 4):
 PSYoungGen      total 324096K, used 268394K [0x0000000780000000, 0x0000000798380000, 0x00000007c0000000)
  eden space 274944K, 96% used [0x0000000780000000,0x00000007903369e8,0x0000000790c80000)
  from space 49152K, 6% used [0x0000000790c80000,0x0000000790f64080,0x0000000793c80000)
  to   space 48128K, 0% used [0x0000000795480000,0x0000000795480000,0x0000000798380000)
 ParOldGen       total 251392K, used 105005K [0x0000000700000000, 0x000000070f580000, 0x0000000780000000)
  object space 251392K, 41% used [0x0000000700000000,0x000000070668b428,0x000000070f580000)
 Metaspace       used 61583K, capacity 62600K, committed 63104K, reserved 1103872K
  class space    used 8388K, capacity 8654K, committed 8832K, reserved 1048576K
Event: 36.369 GC heap after
Heap after GC invocations=22 (full 4):
 PSYoungGen      total 347136K, used 27408K [0x0000000780000000, 0x0000000798400000, 0x00000007c0000000)
  eden space 299008K, 0% used [0x0000000780000000,0x0000000780000000,0x0000000792400000)
  from space 48128K, 56% used [0x0000000795480000,0x0000000796f440b0,0x0000000798380000)
  to   space 49152K, 0% used [0x0000000792400000,0x0000000792400000,0x0000000795400000)
 ParOldGen       total 251392K, used 105013K [0x0000000700000000, 0x000000070f580000, 0x0000000780000000)
  object space 251392K, 41% used [0x0000000700000000,0x000000070668d428,0x000000070f580000)
 Metaspace       used 61583K, capacity 62600K, committed 63104K, reserved 1103872K
  class space    used 8388K, capacity 8654K, committed 8832K, reserved 1048576K
}
Event: 37.212 GC heap before
{Heap before GC invocations=23 (full 4):
 PSYoungGen      total 347136K, used 322862K [0x0000000780000000, 0x0000000798400000, 0x00000007c0000000)
  eden space 299008K, 98% used [0x0000000780000000,0x0000000792087848,0x0000000792400000)
  from space 48128K, 56% used [0x0000000795480000,0x0000000796f440b0,0x0000000798380000)
  to   space 49152K, 0% used [0x0000000792400000,0x0000000792400000,0x0000000795400000)
 ParOldGen       total 251392K, used 105013K [0x0000000700000000, 0x000000070f580000, 0x0000000780000000)
  object space 251392K, 41% used [0x0000000700000000,0x000000070668d428,0x000000070f580000)
 Metaspace       used 61583K, capacity 62600K, committed 63104K, reserved 1103872K
  class space    used 8388K, capacity 8654K, committed 8832K, reserved 1048576K
Event: 37.222 GC heap after
Heap after GC invocations=23 (full 4):
 PSYoungGen      total 348160K, used 14336K [0x0000000780000000, 0x0000000799c00000, 0x00000007c0000000)
  eden space 299008K, 0% used [0x0000000780000000,0x0000000780000000,0x0000000792400000)
  from space 49152K, 29% used [0x0000000792400000,0x00000007932000b0,0x0000000795400000)
  to   space 46592K, 0% used [0x0000000796e80000,0x0000000796e80000,0x0000000799c00000)
 ParOldGen       total 251392K, used 105013K [0x0000000700000000, 0x000000070f580000, 0x0000000780000000)
  object space 251392K, 41% used [0x0000000700000000,0x000000070668d428,0x000000070f580000)
 Metaspace       used 61583K, capacity 62600K, committed 63104K, reserved 1103872K
  class space    used 8388K, capacity 8654K, committed 8832K, reserved 1048576K
}
Event: 903.670 GC heap before
{Heap before GC invocations=24 (full 4):
 PSYoungGen      total 348160K, used 313344K [0x0000000780000000, 0x0000000799c00000, 0x00000007c0000000)
  eden space 299008K, 100% used [0x0000000780000000,0x0000000792400000,0x0000000792400000)
  from space 49152K, 29% used [0x0000000792400000,0x00000007932000b0,0x0000000795400000)
  to   space 46592K, 0% used [0x0000000796e80000,0x0000000796e80000,0x0000000799c00000)
 ParOldGen       total 251392K, used 105013K [0x0000000700000000, 0x000000070f580000, 0x0000000780000000)
  object space 251392K, 41% used [0x0000000700000000,0x000000070668d428,0x000000070f580000)
 Metaspace       used 62178K, capacity 63284K, committed 63616K, reserved 1103872K
  class space    used 8400K, capacity 8700K, committed 8832K, reserved 1048576K
Event: 903.777 GC heap after
Heap after GC invocations=24 (full 4):
 PSYoungGen      total 292352K, used 2896K [0x0000000780000000, 0x0000000797280000, 0x00000007c0000000)
  eden space 288256K, 0% used [0x0000000780000000,0x0000000780000000,0x0000000791980000)
  from space 4096K, 70% used [0x0000000796e80000,0x0000000797154030,0x0000000797280000)
  to   space 45568K, 0% used [0x0000000791980000,0x0000000791980000,0x0000000794600000)
 ParOldGen       total 251392K, used 105021K [0x0000000700000000, 0x000000070f580000, 0x0000000780000000)
  object space 251392K, 41% used [0x0000000700000000,0x000000070668f428,0x000000070f580000)
 Metaspace       used 62178K, capacity 63284K, committed 63616K, reserved 1103872K
  class space    used 8400K, capacity 8700K, committed 8832K, reserved 1048576K
}

Deoptimization events (10 events):
Event: 913.828 Thread 0x000001a87df75800 Uncommon trap: reason=class_check action=maybe_recompile pc=0x000001a8015e0714 method=com.sun.tools.javac.jvm.ClassReader.includeClassFile(Lcom/sun/tools/javac/code/Symbol$PackageSymbol;Ljavax/tools/JavaFileObject;)V @ 48
Event: 913.828 Thread 0x000001a87df75800 Uncommon trap: reason=speculate_class_check action=maybe_recompile pc=0x000001a80156d420 method=com.sun.tools.javac.file.JavacFileManager.inferBinaryName(Ljavax/tools/JavaFileManager$Location;Ljavax/tools/JavaFileObject;)Ljava/lang/String; @ 23
Event: 913.945 Thread 0x000001a87df75800 Uncommon trap: reason=speculate_class_check action=maybe_recompile pc=0x000001a80156d420 method=com.sun.tools.javac.file.JavacFileManager.inferBinaryName(Ljavax/tools/JavaFileManager$Location;Ljavax/tools/JavaFileObject;)Ljava/lang/String; @ 23
Event: 913.946 Thread 0x000001a87df75800 Uncommon trap: reason=class_check action=maybe_recompile pc=0x000001a8015e0714 method=com.sun.tools.javac.jvm.ClassReader.includeClassFile(Lcom/sun/tools/javac/code/Symbol$PackageSymbol;Ljavax/tools/JavaFileObject;)V @ 48
Event: 913.946 Thread 0x000001a87df75800 Uncommon trap: reason=speculate_class_check action=maybe_recompile pc=0x000001a80156d420 method=com.sun.tools.javac.file.JavacFileManager.inferBinaryName(Ljavax/tools/JavaFileManager$Location;Ljavax/tools/JavaFileObject;)Ljava/lang/String; @ 23
Event: 914.273 Thread 0x000001a87df75800 Uncommon trap: reason=class_check action=maybe_recompile pc=0x000001a80050c510 method=java.util.jar.JarFile.getInputStream(Ljava/util/zip/ZipEntry;)Ljava/io/InputStream; @ 55
Event: 914.777 Thread 0x000001a87df75800 Uncommon trap: reason=speculate_class_check action=maybe_recompile pc=0x000001a800d2cce8 method=com.sun.tools.javac.file.JavacFileManager.inferBinaryName(Ljavax/tools/JavaFileManager$Location;Ljavax/tools/JavaFileObject;)Ljava/lang/String; @ 30
Event: 914.778 Thread 0x000001a87df75800 Uncommon trap: reason=class_check action=maybe_recompile pc=0x000001a8015e0714 method=com.sun.tools.javac.jvm.ClassReader.includeClassFile(Lcom/sun/tools/javac/code/Symbol$PackageSymbol;Ljavax/tools/JavaFileObject;)V @ 48
Event: 914.778 Thread 0x000001a87df75800 Uncommon trap: reason=speculate_class_check action=maybe_recompile pc=0x000001a800d2cce8 method=com.sun.tools.javac.file.JavacFileManager.inferBinaryName(Ljavax/tools/JavaFileManager$Location;Ljavax/tools/JavaFileObject;)Ljava/lang/String; @ 30
Event: 914.939 Thread 0x000001a87df75800 Uncommon trap: reason=class_check action=maybe_recompile pc=0x000001a8015e0714 method=com.sun.tools.javac.jvm.ClassReader.includeClassFile(Lcom/sun/tools/javac/code/Symbol$PackageSymbol;Ljavax/tools/JavaFileObject;)V @ 48

Classes redefined (0 events):
No events

Internal exceptions (10 events):
Event: 913.376 Thread 0x000001a87df75800 Exception <a 'java/io/FileNotFoundException'> (0x000000078e66c118) thrown at [C:\jenkins\workspace\8-2-build-windows-amd64-cygwin\jdk8u261\295\hotspot\src\share\vm\prims\jni.cpp, line 710]
Event: 913.377 Thread 0x000001a87df75800 Exception <a 'java/io/FileNotFoundException'> (0x000000078e66db70) thrown at [C:\jenkins\workspace\8-2-build-windows-amd64-cygwin\jdk8u261\295\hotspot\src\share\vm\prims\jni.cpp, line 710]
Event: 913.378 Thread 0x000001a87df75800 Exception <a 'java/io/FileNotFoundException'> (0x000000078e66f5c8) thrown at [C:\jenkins\workspace\8-2-build-windows-amd64-cygwin\jdk8u261\295\hotspot\src\share\vm\prims\jni.cpp, line 710]
Event: 913.379 Thread 0x000001a87df75800 Exception <a 'java/io/FileNotFoundException'> (0x000000078e6710b8) thrown at [C:\jenkins\workspace\8-2-build-windows-amd64-cygwin\jdk8u261\295\hotspot\src\share\vm\prims\jni.cpp, line 710]
Event: 913.379 Thread 0x000001a87df75800 Exception <a 'java/io/FileNotFoundException'> (0x000000078e672b68) thrown at [C:\jenkins\workspace\8-2-build-windows-amd64-cygwin\jdk8u261\295\hotspot\src\share\vm\prims\jni.cpp, line 710]
Event: 913.380 Thread 0x000001a87df75800 Exception <a 'java/io/FileNotFoundException'> (0x000000078e6746f8) thrown at [C:\jenkins\workspace\8-2-build-windows-amd64-cygwin\jdk8u261\295\hotspot\src\share\vm\prims\jni.cpp, line 710]
Event: 913.381 Thread 0x000001a87df75800 Exception <a 'java/io/FileNotFoundException'> (0x000000078e676310) thrown at [C:\jenkins\workspace\8-2-build-windows-amd64-cygwin\jdk8u261\295\hotspot\src\share\vm\prims\jni.cpp, line 710]
Event: 913.382 Thread 0x000001a87df75800 Exception <a 'java/io/FileNotFoundException'> (0x000000078e677f20) thrown at [C:\jenkins\workspace\8-2-build-windows-amd64-cygwin\jdk8u261\295\hotspot\src\share\vm\prims\jni.cpp, line 710]
Event: 913.382 Thread 0x000001a87df75800 Exception <a 'java/io/FileNotFoundException'> (0x000000078e6799c0) thrown at [C:\jenkins\workspace\8-2-build-windows-amd64-cygwin\jdk8u261\295\hotspot\src\share\vm\prims\jni.cpp, line 710]
Event: 913.383 Thread 0x000001a87df75800 Exception <a 'java/io/FileNotFoundException'> (0x000000078e67b4e0) thrown at [C:\jenkins\workspace\8-2-build-windows-amd64-cygwin\jdk8u261\295\hotspot\src\share\vm\prims\jni.cpp, line 710]

Events (10 events):
Event: 914.777 Thread 0x000001a87df75800 DEOPT UNPACKING pc=0x000001a800045843 sp=0x000000080bffb7e8 mode 2
Event: 914.778 Thread 0x000001a87df75800 Uncommon trap: trap_request=0xffffffde fr.pc=0x000001a8015e0714
Event: 914.778 Thread 0x000001a87df75800 DEOPT PACKING pc=0x000001a8015e0714 sp=0x000000080bffb7e0
Event: 914.778 Thread 0x000001a87df75800 DEOPT UNPACKING pc=0x000001a800045843 sp=0x000000080bffb7b8 mode 2
Event: 914.778 Thread 0x000001a87df75800 Uncommon trap: trap_request=0xffffff76 fr.pc=0x000001a800d2cce8
Event: 914.779 Thread 0x000001a87df75800 DEOPT PACKING pc=0x000001a800d2cce8 sp=0x000000080bffb760
Event: 914.779 Thread 0x000001a87df75800 DEOPT UNPACKING pc=0x000001a800045843 sp=0x000000080bffb740 mode 2
Event: 914.939 Thread 0x000001a87df75800 Uncommon trap: trap_request=0xffffffde fr.pc=0x000001a8015e0714
Event: 914.939 Thread 0x000001a87df75800 DEOPT PACKING pc=0x000001a8015e0714 sp=0x000000080bffa8b0
Event: 914.939 Thread 0x000001a87df75800 DEOPT UNPACKING pc=0x000001a800045843 sp=0x000000080bffa888 mode 2


Dynamic libraries:
0x00007ff69ab40000 - 0x00007ff69ab87000 	C:\Program Files\Java\jdk1.8.0_261\bin\java.exe
0x00007ffc06560000 - 0x00007ffc06750000 	C:\Windows\SYSTEM32\ntdll.dll
0x00007ffc04a00000 - 0x00007ffc04ab2000 	C:\Windows\System32\KERNEL32.DLL
0x00007ffc03680000 - 0x00007ffc03925000 	C:\Windows\System32\KERNELBASE.dll
0x00007ffc06470000 - 0x00007ffc06513000 	C:\Windows\System32\ADVAPI32.dll
0x00007ffc04c50000 - 0x00007ffc04cee000 	C:\Windows\System32\msvcrt.dll
0x00007ffc04f90000 - 0x00007ffc05027000 	C:\Windows\System32\sechost.dll
0x00007ffc04b30000 - 0x00007ffc04c50000 	C:\Windows\System32\RPCRT4.dll
0x00007ffc04d60000 - 0x00007ffc04ef5000 	C:\Windows\System32\USER32.dll
0x00007ffc03bd0000 - 0x00007ffc03bf1000 	C:\Windows\System32\win32u.dll
0x00007ffc05860000 - 0x00007ffc05886000 	C:\Windows\System32\GDI32.dll
0x00007ffc03930000 - 0x00007ffc03ac6000 	C:\Windows\System32\gdi32full.dll
0x00007ffc03c00000 - 0x00007ffc03c9e000 	C:\Windows\System32\msvcp_win.dll
0x00007ffc03ad0000 - 0x00007ffc03bca000 	C:\Windows\System32\ucrtbase.dll
0x00007ffbec6a0000 - 0x00007ffbec924000 	C:\Windows\WinSxS\amd64_microsoft.windows.common-controls_6595b64144ccf1df_6.0.18362.1082_none_9e8193e1e45b25c1\COMCTL32.dll
0x00007ffc04610000 - 0x00007ffc04945000 	C:\Windows\System32\combase.dll
0x00007ffc03550000 - 0x00007ffc035d0000 	C:\Windows\System32\bcryptPrimitives.dll
0x00007ffc04f00000 - 0x00007ffc04f2e000 	C:\Windows\System32\IMM32.DLL
0x00007ffbf44b0000 - 0x00007ffbf44c5000 	C:\Program Files\Java\jdk1.8.0_261\jre\bin\vcruntime140.dll
0x00007ffbe8560000 - 0x00007ffbe85fb000 	C:\Program Files\Java\jdk1.8.0_261\jre\bin\msvcp140.dll
0x000000006d860000 - 0x000000006e0cc000 	C:\Program Files\Java\jdk1.8.0_261\jre\bin\server\jvm.dll
0x00007ffc04d50000 - 0x00007ffc04d58000 	C:\Windows\System32\PSAPI.DLL
0x00007ffc01da0000 - 0x00007ffc01dc4000 	C:\Windows\SYSTEM32\WINMM.dll
0x00007ffbfe340000 - 0x00007ffbfe34a000 	C:\Windows\SYSTEM32\VERSION.dll
0x00007ffbeeef0000 - 0x00007ffbeeef9000 	C:\Windows\SYSTEM32\WSOCK32.dll
0x00007ffc05030000 - 0x00007ffc0509f000 	C:\Windows\System32\WS2_32.dll
0x00007ffc01b60000 - 0x00007ffc01b8d000 	C:\Windows\SYSTEM32\WINMMBASE.dll
0x00007ffc045c0000 - 0x00007ffc0460a000 	C:\Windows\System32\cfgmgr32.dll
0x00007ffc03450000 - 0x00007ffc03461000 	C:\Windows\System32\kernel.appcore.dll
0x00007ffbfec10000 - 0x00007ffbfec20000 	C:\Program Files\Java\jdk1.8.0_261\jre\bin\verify.dll
0x00007ffbeef30000 - 0x00007ffbeef5b000 	C:\Program Files\Java\jdk1.8.0_261\jre\bin\java.dll
0x00007ffbf3300000 - 0x00007ffbf3318000 	C:\Program Files\Java\jdk1.8.0_261\jre\bin\zip.dll
0x00007ffc05170000 - 0x00007ffc05857000 	C:\Windows\System32\SHELL32.dll
0x00007ffc05cd0000 - 0x00007ffc05d79000 	C:\Windows\System32\shcore.dll
0x00007ffc03df0000 - 0x00007ffc04570000 	C:\Windows\System32\windows.storage.dll
0x00007ffc034c0000 - 0x00007ffc034e3000 	C:\Windows\System32\profapi.dll
0x00007ffc03470000 - 0x00007ffc034ba000 	C:\Windows\System32\powrprof.dll
0x00007ffc03420000 - 0x00007ffc03430000 	C:\Windows\System32\UMPDC.dll
0x00007ffc04f30000 - 0x00007ffc04f82000 	C:\Windows\System32\shlwapi.dll
0x00007ffc045a0000 - 0x00007ffc045b7000 	C:\Windows\System32\cryptsp.dll
0x00007ffbf2da0000 - 0x00007ffbf2dbc000 	C:\Program Files\Java\jdk1.8.0_261\jre\bin\net.dll
0x00007ffc02c10000 - 0x00007ffc02c77000 	C:\Windows\system32\mswsock.dll
0x00007ffbeef10000 - 0x00007ffbeef23000 	C:\Program Files\Java\jdk1.8.0_261\jre\bin\nio.dll
0x00007ffbfc6f0000 - 0x00007ffbfc70e000 	C:\Users\Murali\.gradle\native\25\windows-amd64\native-platform.dll
0x00007ffbfa480000 - 0x00007ffbfa48d000 	C:\Program Files\Java\jdk1.8.0_261\jre\bin\management.dll
0x00007ffc02780000 - 0x00007ffc027b3000 	C:\Windows\system32\rsaenh.dll
0x00007ffc04570000 - 0x00007ffc04596000 	C:\Windows\System32\bcrypt.dll
0x00007ffc03340000 - 0x00007ffc03365000 	C:\Windows\SYSTEM32\USERENV.dll
0x00007ffc02de0000 - 0x00007ffc02dec000 	C:\Windows\SYSTEM32\CRYPTBASE.dll
0x00007ffc02920000 - 0x00007ffc0295a000 	C:\Windows\SYSTEM32\IPHLPAPI.DLL
0x00007ffc05cc0000 - 0x00007ffc05cc8000 	C:\Windows\System32\NSI.dll
0x00007ffbfb100000 - 0x00007ffbfb116000 	C:\Windows\SYSTEM32\dhcpcsvc6.DLL
0x00007ffbfb450000 - 0x00007ffbfb46c000 	C:\Windows\SYSTEM32\dhcpcsvc.DLL
0x00007ffc02960000 - 0x00007ffc02a2b000 	C:\Windows\SYSTEM32\DNSAPI.dll
0x00007ffbdc800000 - 0x00007ffbdc824000 	C:\Program Files\Java\jdk1.8.0_261\jre\bin\sunec.dll
0x00007ffbfcfc0000 - 0x00007ffbfcfca000 	C:\Windows\System32\rasadhlp.dll
0x00007ffbf9ea0000 - 0x00007ffbf9f17000 	C:\Windows\System32\fwpuclnt.dll
0x00007ffbfa460000 - 0x00007ffbfa46d000 	C:\Program Files\Java\jdk1.8.0_261\jre\bin\sunmscapi.dll
0x00007ffc03ca0000 - 0x00007ffc03de9000 	C:\Windows\System32\CRYPT32.dll
0x00007ffc03430000 - 0x00007ffc03442000 	C:\Windows\System32\MSASN1.dll
0x00007ffc02ee0000 - 0x00007ffc02f06000 	C:\Windows\SYSTEM32\ncrypt.dll
0x00007ffc02ea0000 - 0x00007ffc02edb000 	C:\Windows\SYSTEM32\NTASN1.dll
0x00007ffc01b90000 - 0x00007ffc01d84000 	C:\Windows\SYSTEM32\dbghelp.dll

VM Arguments:
jvm_args: -Xmx3G -Dfile.encoding=windows-1252 -Duser.country=US -Duser.language=en -Duser.variant 
java_command: org.gradle.launcher.daemon.bootstrap.GradleDaemon 4.10.3
java_class_path (initial): C:\Users\Murali\.gradle\wrapper\dists\gradle-4.10.3-bin\31t79e2qsceia4mkbojplrgx\gradle-4.10.3\lib\gradle-launcher-4.10.3.jar
Launcher Type: SUN_STANDARD

Environment Variables:
PATH=C:\Program Files\Common Files\Oracle\Java\javapath;C:\Program Files (x86)\Common Files\Oracle\Java\javapath;C:\Windows\system32;C:\Windows;C:\Windows\System32\Wbem;C:\Windows\System32\WindowsPowerShell\v1.0\;C:\Windows\System32\OpenSSH\;C:\Program Files\NVIDIA Corporation\NVIDIA NvDLISR;C:\Program Files (x86)\NVIDIA Corporation\PhysX\Common;C:\Program Files\nodejs\;C:\Program Files\Java\jdk1.8.0_261\bin;C:\Program Files\Git\cmd;C:\Users\Murali\AppData\Local\Programs\Python\Python38-32\Scripts\;C:\Users\Murali\AppData\Local\Programs\Python\Python38-32\;C:\Users\Murali\AppData\Local\Microsoft\WindowsApps;C:\Users\Murali\AppData\Roaming\npm;C:\Users\Murali\AppData\Local\Programs\Microsoft VS Code\bin;C:\Program Files\JetBrains\IntelliJ IDEA Community Edition 2020.2\bin;;C:\Program Files\Java\jdk-11.0.8\bin;
USERNAME=Murali
OS=Windows_NT
PROCESSOR_IDENTIFIER=Intel64 Family 6 Model 126 Stepping 5, GenuineIntel



---------------  S Y S T E M  ---------------

OS: Windows 10.0 , 64 bit Build 18362 (10.0.18362.1082)

CPU:total 8 (initial active 8) (4 cores per cpu, 2 threads per core) family 6 model 126 stepping 5, cmov, cx8, fxsr, mmx, sse, sse2, sse3, ssse3, sse4.1, sse4.2, popcnt, avx, avx2, aes, clmul, erms, 3dnowpref, lzcnt, ht, tsc, tscinvbit, bmi1, bmi2, adx

Memory: 4k page, physical 8150496k(406572k free), swap 33316320k(4104k free)

vm_info: Java HotSpot(TM) 64-Bit Server VM (25.261-b12) for windows-amd64 JRE (1.8.0_261-b12), built on Jun 18 2020 06:56:32 by "" with unknown MS VC++:1916

time: Fri Sep 11 15:50:23 2020
timezone: India Standard Time
elapsed time: 915 seconds (0d 0h 15m 15s)

